Using pre-set license
Built from '2021.3/staging' branch; Version is '2021.3.11f1 (0a5ca18544bf) revision 679073'; Using compiler version '192829333'; Build Type 'Release'
OS: 'Windows 10  (10.0.19045) 64bit Education' Language: 'ko' Physical Memory: 15791 MB
BatchMode: 1, IsHumanControllingUs: 0, StartBugReporterOnCrash: 0, Is64bit: 1, IsPro: 1

COMMAND LINE ARGUMENTS:
C:\Program Files\Unity\Hub\Editor\2021.3.11f1\Editor\Unity.exe
-adb2
-batchMode
-noUpm
-name
AssetImportWorker4
-projectPath
C:/Users/koo63/OneDrive/문서/GitHub/SGP-2023-1/20230424_fieldGame
-logFile
Logs/AssetImportWorker4.log
-srvPort
64808
Successfully changed project path to: C:/Users/koo63/OneDrive/문서/GitHub/SGP-2023-1/20230424_fieldGame
C:/Users/koo63/OneDrive/문서/GitHub/SGP-2023-1/20230424_fieldGame
[UnityMemory] Configuration Parameters - Can be set up in boot.config
    "memorysetup-bucket-allocator-granularity=16"
    "memorysetup-bucket-allocator-bucket-count=8"
    "memorysetup-bucket-allocator-block-size=33554432"
    "memorysetup-bucket-allocator-block-count=8"
    "memorysetup-main-allocator-block-size=16777216"
    "memorysetup-thread-allocator-block-size=16777216"
    "memorysetup-gfx-main-allocator-block-size=16777216"
    "memorysetup-gfx-thread-allocator-block-size=16777216"
    "memorysetup-cache-allocator-block-size=4194304"
    "memorysetup-typetree-allocator-block-size=2097152"
    "memorysetup-profiler-bucket-allocator-granularity=16"
    "memorysetup-profiler-bucket-allocator-bucket-count=8"
    "memorysetup-profiler-bucket-allocator-block-size=33554432"
    "memorysetup-profiler-bucket-allocator-block-count=8"
    "memorysetup-profiler-allocator-block-size=16777216"
    "memorysetup-profiler-editor-allocator-block-size=1048576"
    "memorysetup-temp-allocator-size-main=16777216"
    "memorysetup-job-temp-allocator-block-size=2097152"
    "memorysetup-job-temp-allocator-block-size-background=1048576"
    "memorysetup-job-temp-allocator-reduction-small-platforms=262144"
    "memorysetup-temp-allocator-size-background-worker=32768"
    "memorysetup-temp-allocator-size-job-worker=262144"
    "memorysetup-temp-allocator-size-preload-manager=33554432"
    "memorysetup-temp-allocator-size-nav-mesh-worker=65536"
    "memorysetup-temp-allocator-size-audio-worker=65536"
    "memorysetup-temp-allocator-size-cloud-worker=32768"
    "memorysetup-temp-allocator-size-gi-baking-worker=262144"
    "memorysetup-temp-allocator-size-gfx=262144"
Refreshing native plugins compatible for Editor in 77.19 ms, found 3 plugins.
Preloading 0 native plugins for Editor in 0.00 ms.
Initialize engine version: 2021.3.11f1 (0a5ca18544bf)
[Subsystems] Discovering subsystems at path C:/Program Files/Unity/Hub/Editor/2021.3.11f1/Editor/Data/Resources/UnitySubsystems
[Subsystems] Discovering subsystems at path C:/Users/koo63/OneDrive/문서/GitHub/SGP-2023-1/20230424_fieldGame/Assets
GfxDevice: creating device client; threaded=0; jobified=0
Direct3D:
    Version:  Direct3D 11.0 [level 11.1]
    Renderer: NVIDIA GeForce RTX 3060 Laptop GPU (ID=0x2520)
    Vendor:   NVIDIA
    VRAM:     6009 MB
    Driver:   31.0.15.2849
Initialize mono
Mono path[0] = 'C:/Program Files/Unity/Hub/Editor/2021.3.11f1/Editor/Data/Managed'
Mono path[1] = 'C:/Program Files/Unity/Hub/Editor/2021.3.11f1/Editor/Data/MonoBleedingEdge/lib/mono/unityjit-win32'
Mono config path = 'C:/Program Files/Unity/Hub/Editor/2021.3.11f1/Editor/Data/MonoBleedingEdge/etc'
Using monoOptions --debugger-agent=transport=dt_socket,embedding=1,server=y,suspend=n,address=127.0.0.1:56348
Begin MonoManager ReloadAssembly
Registering precompiled unity dll's ...
Register platform support module: C:/Program Files/Unity/Hub/Editor/2021.3.11f1/Editor/Data/PlaybackEngines/WindowsStandaloneSupport/UnityEditor.WindowsStandalone.Extensions.dll
Registered in 0.011936 seconds.
Native extension for WindowsStandalone target not found
Refreshing native plugins compatible for Editor in 65.78 ms, found 3 plugins.
Preloading 0 native plugins for Editor in 0.00 ms.
Mono: successfully reloaded assembly
- Completed reload, in  0.558 seconds
Domain Reload Profiling:
	ReloadAssembly (558ms)
		BeginReloadAssembly (82ms)
			ExecutionOrderSort (0ms)
			DisableScriptedObjects (0ms)
			BackupInstance (0ms)
			ReleaseScriptingObjects (0ms)
			CreateAndSetChildDomain (1ms)
		EndReloadAssembly (366ms)
			LoadAssemblies (77ms)
			RebuildTransferFunctionScriptingTraits (0ms)
			SetupTypeCache (80ms)
			ReleaseScriptCaches (0ms)
			RebuildScriptCaches (20ms)
			SetupLoadedEditorAssemblies (220ms)
				LogAssemblyErrors (0ms)
				InitializePlatformSupportModulesInManaged (8ms)
				SetLoadedEditorAssemblies (0ms)
				RefreshPlugins (66ms)
				BeforeProcessingInitializeOnLoad (1ms)
				ProcessInitializeOnLoadAttributes (106ms)
				ProcessInitializeOnLoadMethodAttributes (39ms)
				AfterProcessingInitializeOnLoad (0ms)
				EditorAssembliesLoaded (0ms)
			ExecutionOrderSort2 (0ms)
			AwakeInstancesAfterBackupRestoration (0ms)
Platform modules already initialized, skipping
Registering precompiled user dll's ...
Registered in 0.008615 seconds.
Begin MonoManager ReloadAssembly
Symbol file LoadedFromMemory doesn't match image C:\Users\koo63\OneDrive\문서\GitHub\SGP-2023-1\20230424_fieldGame\Library\PackageCache\com.unity.visualscripting@1.7.8\Editor\VisualScripting.Core\Dependencies\YamlDotNet\Unity.VisualScripting.YamlDotNet.dll
Symbol file LoadedFromMemory doesn't match image C:\Users\koo63\OneDrive\문서\GitHub\SGP-2023-1\20230424_fieldGame\Library\PackageCache\com.unity.visualscripting@1.7.8\Editor\VisualScripting.Core\Dependencies\DotNetZip\Unity.VisualScripting.IonicZip.dll
Native extension for WindowsStandalone target not found
Refreshing native plugins compatible for Editor in 0.73 ms, found 3 plugins.
Preloading 0 native plugins for Editor in 0.00 ms.
Mono: successfully reloaded assembly
- Completed reload, in  1.016 seconds
Domain Reload Profiling:
	ReloadAssembly (1017ms)
		BeginReloadAssembly (111ms)
			ExecutionOrderSort (0ms)
			DisableScriptedObjects (5ms)
			BackupInstance (0ms)
			ReleaseScriptingObjects (0ms)
			CreateAndSetChildDomain (19ms)
		EndReloadAssembly (774ms)
			LoadAssemblies (107ms)
			RebuildTransferFunctionScriptingTraits (0ms)
			SetupTypeCache (234ms)
			ReleaseScriptCaches (1ms)
			RebuildScriptCaches (43ms)
			SetupLoadedEditorAssemblies (359ms)
				LogAssemblyErrors (0ms)
				InitializePlatformSupportModulesInManaged (7ms)
				SetLoadedEditorAssemblies (0ms)
				RefreshPlugins (1ms)
				BeforeProcessingInitializeOnLoad (98ms)
				ProcessInitializeOnLoadAttributes (208ms)
				ProcessInitializeOnLoadMethodAttributes (27ms)
				AfterProcessingInitializeOnLoad (17ms)
				EditorAssembliesLoaded (0ms)
			ExecutionOrderSort2 (0ms)
			AwakeInstancesAfterBackupRestoration (7ms)
Platform modules already initialized, skipping
========================================================================
Worker process is ready to serve import requests
Launched and connected shader compiler UnityShaderCompiler.exe after 0.05 seconds
Refreshing native plugins compatible for Editor in 1.18 ms, found 3 plugins.
Preloading 0 native plugins for Editor in 0.00 ms.
Unloading 3423 Unused Serialized files (Serialized files now loaded: 0)
Unloading 27 unused Assets / (113.7 KB). Loaded Objects now: 3882.
Memory consumption went from 124.2 MB to 124.1 MB.
Total: 4.569800 ms (FindLiveObjects: 0.642800 ms CreateObjectMapping: 0.175100 ms MarkObjects: 3.569800 ms  DeleteObjects: 0.179800 ms)

AssetImportParameters requested are different than current active one (requested -> active):
  custom:video-decoder-ogg-theora: a1e56fd34408186e4bbccfd4996cb3dc -> 
  custom:container-muxer-webm: aa71ff27fc2769a1b78a27578f13a17b -> 
  custom:container-demuxer-webm: 4f35f7cbe854078d1ac9338744f61a02 -> 
  custom:video-encoder-webm-vp8: eb34c28f22e8b96e1ab97ce403110664 -> 
  custom:audio-encoder-webm-vorbis: bf7c407c2cedff20999df2af8eb42d56 -> 
  custom:framework-win-MediaFoundation: 216162199b28c13a410421893ffa2e32 -> 
  custom:container-demuxer-ogg: 62fdf1f143b41e24485cea50d1cbac27 -> 
  custom:video-decoder-webm-vp8: 9c59270c3fd7afecdb556c50c9e8de78 -> 
  custom:audio-decoder-ogg-vorbis: bf7c407c2cedff20999df2af8eb42d56 -> 
========================================================================
Received Import Request.
  Time since last request: 274754.398783 seconds.
  path: Assets/Resources/Prefabs/Dungeons_Texture_Ghosts.tif
  artifactKey: Guid(f89bfc3f1fe685a43af786b6d290ae80) Importer(815301076,1909f56bfc062723c751e8b465ee728b)
Start importing Assets/Resources/Prefabs/Dungeons_Texture_Ghosts.tif using Guid(f89bfc3f1fe685a43af786b6d290ae80) Importer(815301076,1909f56bfc062723c751e8b465ee728b)  -> (artifact id: 'cfe72917fd9eb77ac3336a27d9c07021') in 0.062313 seconds 
========================================================================
Received Import Request.
  Time since last request: 37.867295 seconds.
  path: Assets/Resources/Prefabs/Character_Ghost_01.prefab
  artifactKey: Guid(73078d4c23fa9254b928d988f24bcb2d) Importer(815301076,1909f56bfc062723c751e8b465ee728b)
Start importing Assets/Resources/Prefabs/Character_Ghost_01.prefab using Guid(73078d4c23fa9254b928d988f24bcb2d) Importer(815301076,1909f56bfc062723c751e8b465ee728b)  -> (artifact id: '1d4cafc93bd6f34e4e44dfe237f750fb') in 0.063688 seconds 
========================================================================
Received Import Request.
  Time since last request: 16.846830 seconds.
  path: Assets/Resources/Prefabs/Character_Ghost_01.prefab
  artifactKey: Guid(73078d4c23fa9254b928d988f24bcb2d) Importer(815301076,1909f56bfc062723c751e8b465ee728b)
Start importing Assets/Resources/Prefabs/Character_Ghost_01.prefab using Guid(73078d4c23fa9254b928d988f24bcb2d) Importer(815301076,1909f56bfc062723c751e8b465ee728b)  -> (artifact id: 'a01c544678ef4906ce23b5165080debb') in 0.018953 seconds 
========================================================================
Received Import Request.
  Time since last request: 0.977136 seconds.
  path: Assets/Resources/Prefabs/Character_Ghost_01.prefab
  artifactKey: Guid(73078d4c23fa9254b928d988f24bcb2d) Importer(815301076,1909f56bfc062723c751e8b465ee728b)
Start importing Assets/Resources/Prefabs/Character_Ghost_01.prefab using Guid(73078d4c23fa9254b928d988f24bcb2d) Importer(815301076,1909f56bfc062723c751e8b465ee728b)  -> (artifact id: '44f1d17a31f8143a53571654059a8f8c') in 0.012882 seconds 
========================================================================
Received Import Request.
  Time since last request: 0.994380 seconds.
  path: Assets/Resources/Prefabs/Character_Ghost_01.prefab
  artifactKey: Guid(73078d4c23fa9254b928d988f24bcb2d) Importer(815301076,1909f56bfc062723c751e8b465ee728b)
Start importing Assets/Resources/Prefabs/Character_Ghost_01.prefab using Guid(73078d4c23fa9254b928d988f24bcb2d) Importer(815301076,1909f56bfc062723c751e8b465ee728b)  -> (artifact id: '81bd39d37aaf127de921444140ad3224') in 0.014459 seconds 
========================================================================
Received Import Request.
  Time since last request: 201.503914 seconds.
  path: Assets/Resources/Prefabs/Characters 1.fbx
  artifactKey: Guid(88a908bb193053e4a82866be371e5c91) Importer(815301076,1909f56bfc062723c751e8b465ee728b)
Start importing Assets/Resources/Prefabs/Characters 1.fbx using Guid(88a908bb193053e4a82866be371e5c91) Importer(815301076,1909f56bfc062723c751e8b465ee728b)  -> (artifact id: '4fdf70e27f4ed05777f5e8164786b878') in 0.296080 seconds 
========================================================================
Received Import Request.
  Time since last request: 646.923044 seconds.
  path: Assets/Resources/Prefabs/New Avatar Mask.mask
  artifactKey: Guid(0f4590c0a98bd0249b967cd5960a788d) Importer(815301076,1909f56bfc062723c751e8b465ee728b)
Start importing Assets/Resources/Prefabs/New Avatar Mask.mask using Guid(0f4590c0a98bd0249b967cd5960a788d) Importer(815301076,1909f56bfc062723c751e8b465ee728b)  -> (artifact id: '6502f2df811d32628f191e8b18060cd8') in 0.010167 seconds 
========================================================================
Received Import Request.
  Time since last request: 43.622107 seconds.
  path: Assets/Resources/Prefabs/Character_Ghost_01.prefab
  artifactKey: Guid(73078d4c23fa9254b928d988f24bcb2d) Importer(815301076,1909f56bfc062723c751e8b465ee728b)
Start importing Assets/Resources/Prefabs/Character_Ghost_01.prefab using Guid(73078d4c23fa9254b928d988f24bcb2d) Importer(815301076,1909f56bfc062723c751e8b465ee728b)  -> (artifact id: '707a1113653af13e82b4a004b58f4bdc') in 0.006222 seconds 
========================================================================
Received Import Request.
  Time since last request: 482.238727 seconds.
  path: Assets/Resources/Prefabs/Characters.fbx
  artifactKey: Guid(ff2412eff8229784282797d3401d499c) Importer(815301076,1909f56bfc062723c751e8b465ee728b)
Start importing Assets/Resources/Prefabs/Characters.fbx using Guid(ff2412eff8229784282797d3401d499c) Importer(815301076,1909f56bfc062723c751e8b465ee728b)  -> (artifact id: '830eef801fa297a540bb7794994cce51') in 0.198586 seconds 
========================================================================
Received Import Request.
  Time since last request: 234.889441 seconds.
  path: Assets/Resources/Prefabs/Character_Ghost_01.prefab
  artifactKey: Guid(73078d4c23fa9254b928d988f24bcb2d) Importer(815301076,1909f56bfc062723c751e8b465ee728b)
Start importing Assets/Resources/Prefabs/Character_Ghost_01.prefab using Guid(73078d4c23fa9254b928d988f24bcb2d) Importer(815301076,1909f56bfc062723c751e8b465ee728b)  -> (artifact id: 'a88415df62cd7a94029d5408b0a66dec') in 0.013299 seconds 
========================================================================
Received Import Request.
  Time since last request: 3.035840 seconds.
  path: Assets/Resources/Prefabs/Character_Ghost_01.prefab
  artifactKey: Guid(73078d4c23fa9254b928d988f24bcb2d) Importer(815301076,1909f56bfc062723c751e8b465ee728b)
Start importing Assets/Resources/Prefabs/Character_Ghost_01.prefab using Guid(73078d4c23fa9254b928d988f24bcb2d) Importer(815301076,1909f56bfc062723c751e8b465ee728b)  -> (artifact id: '136f38aca4d76b084b831793e43bcf0e') in 0.006722 seconds 
========================================================================
Received Import Request.
  Time since last request: 81.904084 seconds.
  path: Assets/TextMesh Pro
  artifactKey: Guid(f54d1bd14bd3ca042bd867b519fee8cc) Importer(815301076,1909f56bfc062723c751e8b465ee728b)
Start importing Assets/TextMesh Pro using Guid(f54d1bd14bd3ca042bd867b519fee8cc) Importer(815301076,1909f56bfc062723c751e8b465ee728b)  -> (artifact id: 'f5648c5ef36b7beab651a001a8d08867') in 0.009294 seconds 
========================================================================
Received Import Request.
  Time since last request: 303.953677 seconds.
  path: Assets/PolygonDungeon
  artifactKey: Guid(01ae40fbd9ae54f4b8ba9eb1ff638351) Importer(815301076,1909f56bfc062723c751e8b465ee728b)
Start importing Assets/PolygonDungeon using Guid(01ae40fbd9ae54f4b8ba9eb1ff638351) Importer(815301076,1909f56bfc062723c751e8b465ee728b)  -> (artifact id: 'cb534b1a0a8813bc205a3933d6e13c45') in 0.008369 seconds 
========================================================================
Received Import Request.
  Time since last request: 2.483488 seconds.
  path: Assets/PolygonDungeon/Prefabs
  artifactKey: Guid(de52800a5cd509f419111e8ebdfb223f) Importer(815301076,1909f56bfc062723c751e8b465ee728b)
Start importing Assets/PolygonDungeon/Prefabs using Guid(de52800a5cd509f419111e8ebdfb223f) Importer(815301076,1909f56bfc062723c751e8b465ee728b)  -> (artifact id: '72946a4c82a02925726c5140d5d86b2f') in 0.006784 seconds 
========================================================================
Received Import Request.
  Time since last request: 1.898663 seconds.
  path: Assets/PolygonDungeon/Prefabs/Characters
  artifactKey: Guid(a3867745e2c0fde4fb1b6797e4e47a9d) Importer(815301076,1909f56bfc062723c751e8b465ee728b)
Start importing Assets/PolygonDungeon/Prefabs/Characters using Guid(a3867745e2c0fde4fb1b6797e4e47a9d) Importer(815301076,1909f56bfc062723c751e8b465ee728b)  -> (artifact id: 'f9981650d0b21aea543c829fd9ec6715') in 0.006633 seconds 
========================================================================
Received Import Request.
  Time since last request: 0.035961 seconds.
  path: Assets/PolygonDungeon/Prefabs/Characters/Character_Ghost_01.prefab
  artifactKey: Guid(99cdb7462838a6342bd2288456e75888) Importer(815301076,1909f56bfc062723c751e8b465ee728b)
Start importing Assets/PolygonDungeon/Prefabs/Characters/Character_Ghost_01.prefab using Guid(99cdb7462838a6342bd2288456e75888) Importer(815301076,1909f56bfc062723c751e8b465ee728b)  -> (artifact id: '69db664766cf08993d57f9efe9cd801f') in 0.046048 seconds 
========================================================================
Received Import Request.
  Time since last request: 0.018689 seconds.
  path: Assets/PolygonDungeon/Prefabs/Characters/Character_Goblin_Male.prefab
  artifactKey: Guid(2ef59bc5d753ebe4490b708befe65999) Importer(815301076,1909f56bfc062723c751e8b465ee728b)
Start importing Assets/PolygonDungeon/Prefabs/Characters/Character_Goblin_Male.prefab using Guid(2ef59bc5d753ebe4490b708befe65999) Importer(815301076,1909f56bfc062723c751e8b465ee728b)  -> (artifact id: 'b07751938ad389b85679a59467409878') in 0.031480 seconds 
========================================================================
Received Import Request.
  Time since last request: 0.008788 seconds.
  path: Assets/PolygonDungeon/Prefabs/Characters/Character_Goblin_Female.prefab
  artifactKey: Guid(d48e97c38730e6d4a8a87d44d568bc50) Importer(815301076,1909f56bfc062723c751e8b465ee728b)
Start importing Assets/PolygonDungeon/Prefabs/Characters/Character_Goblin_Female.prefab using Guid(d48e97c38730e6d4a8a87d44d568bc50) Importer(815301076,1909f56bfc062723c751e8b465ee728b)  -> (artifact id: '61cee03d88647278a3b71fb4e88d914b') in 0.040831 seconds 
========================================================================
Received Import Request.
  Time since last request: 0.000025 seconds.
  path: Assets/PolygonDungeon/Prefabs/Characters/Character_Rock_Golem.prefab
  artifactKey: Guid(10f9cee6cfdd7df43a5d805acd44763f) Importer(815301076,1909f56bfc062723c751e8b465ee728b)
Start importing Assets/PolygonDungeon/Prefabs/Characters/Character_Rock_Golem.prefab using Guid(10f9cee6cfdd7df43a5d805acd44763f) Importer(815301076,1909f56bfc062723c751e8b465ee728b)  -> (artifact id: '0ba60cef54f9efcd7b65f1c9d4f39c7c') in 0.028556 seconds 
========================================================================
Received Import Request.
  Time since last request: 0.000032 seconds.
  path: Assets/PolygonDungeon/Prefabs/Characters/Character_Hero_Knight_Male.prefab
  artifactKey: Guid(880858dfd9b1e784e89d45242bf78d2b) Importer(815301076,1909f56bfc062723c751e8b465ee728b)
Start importing Assets/PolygonDungeon/Prefabs/Characters/Character_Hero_Knight_Male.prefab using Guid(880858dfd9b1e784e89d45242bf78d2b) Importer(815301076,1909f56bfc062723c751e8b465ee728b)  -> (artifact id: 'f9f92c000eb1cc5bdd5f4b26666b0025') in 0.040430 seconds 
========================================================================
Received Import Request.
  Time since last request: 0.000024 seconds.
  path: Assets/PolygonDungeon/Prefabs/Characters/Character_Hero_Knight_Female.prefab
  artifactKey: Guid(11ffba29df14c054aa5a2695b18e9f59) Importer(815301076,1909f56bfc062723c751e8b465ee728b)
Start importing Assets/PolygonDungeon/Prefabs/Characters/Character_Hero_Knight_Female.prefab using Guid(11ffba29df14c054aa5a2695b18e9f59) Importer(815301076,1909f56bfc062723c751e8b465ee728b)  -> (artifact id: 'c272bf2cabffab310ebc19282988ed71') in 0.038902 seconds 
========================================================================
Received Import Request.
  Time since last request: 0.000042 seconds.
  path: Assets/PolygonDungeon/Prefabs/Characters/Character_Goblin_Shaman.prefab
  artifactKey: Guid(70ad07d06832dba42a3bb244ab822fd1) Importer(815301076,1909f56bfc062723c751e8b465ee728b)
Start importing Assets/PolygonDungeon/Prefabs/Characters/Character_Goblin_Shaman.prefab using Guid(70ad07d06832dba42a3bb244ab822fd1) Importer(815301076,1909f56bfc062723c751e8b465ee728b)  -> (artifact id: 'f8d81cc749887f4bc0d29dfa34e51b6f') in 0.272105 seconds 
========================================================================
Received Import Request.
  Time since last request: 0.000031 seconds.
  path: Assets/PolygonDungeon/Prefabs/Characters/Character_Skeleton_Soldier_01.prefab
  artifactKey: Guid(2ea27af6ead886c4d93bb53d28c6c25b) Importer(815301076,1909f56bfc062723c751e8b465ee728b)
Start importing Assets/PolygonDungeon/Prefabs/Characters/Character_Skeleton_Soldier_01.prefab using Guid(2ea27af6ead886c4d93bb53d28c6c25b) Importer(815301076,1909f56bfc062723c751e8b465ee728b)  -> (artifact id: 'c4f13e55d4095289e8dacb8102b04cea') in 0.050048 seconds 
========================================================================
Received Import Request.
  Time since last request: 0.000025 seconds.
  path: Assets/PolygonDungeon/Prefabs/Characters/Character_Goblin_WarChief.prefab
  artifactKey: Guid(388fa61abd880a549864058f895c8045) Importer(815301076,1909f56bfc062723c751e8b465ee728b)
Start importing Assets/PolygonDungeon/Prefabs/Characters/Character_Goblin_WarChief.prefab using Guid(388fa61abd880a549864058f895c8045) Importer(815301076,1909f56bfc062723c751e8b465ee728b)  -> (artifact id: '8559f68aa82b8437361602b2ec860c14') in 0.029147 seconds 
========================================================================
Received Import Request.
  Time since last request: 54.821413 seconds.
  path: Assets/Materials/Transparent.mat
  artifactKey: Guid(7be753a0b71c21e44906a7a3b4a66d83) Importer(815301076,1909f56bfc062723c751e8b465ee728b)
Start importing Assets/Materials/Transparent.mat using Guid(7be753a0b71c21e44906a7a3b4a66d83) Importer(815301076,1909f56bfc062723c751e8b465ee728b)  -> (artifact id: '16b281f07e6ca60a778a7d5c35c319a6') in 0.018813 seconds 
========================================================================
Received Prepare
Registering precompiled user dll's ...
Registered in 0.007820 seconds.
Begin MonoManager ReloadAssembly
Symbol file LoadedFromMemory doesn't match image C:\Users\koo63\OneDrive\문서\GitHub\SGP-2023-1\20230424_fieldGame\Library\PackageCache\com.unity.visualscripting@1.7.8\Editor\VisualScripting.Core\Dependencies\YamlDotNet\Unity.VisualScripting.YamlDotNet.dll
Symbol file LoadedFromMemory doesn't match image C:\Users\koo63\OneDrive\문서\GitHub\SGP-2023-1\20230424_fieldGame\Library\PackageCache\com.unity.visualscripting@1.7.8\Editor\VisualScripting.Core\Dependencies\DotNetZip\Unity.VisualScripting.IonicZip.dll
Native extension for WindowsStandalone target not found
Refreshing native plugins compatible for Editor in 0.96 ms, found 3 plugins.
Preloading 0 native plugins for Editor in 0.00 ms.
Mono: successfully reloaded assembly
- Completed reload, in  0.981 seconds
Domain Reload Profiling:
	ReloadAssembly (982ms)
		BeginReloadAssembly (145ms)
			ExecutionOrderSort (0ms)
			DisableScriptedObjects (3ms)
			BackupInstance (0ms)
			ReleaseScriptingObjects (0ms)
			CreateAndSetChildDomain (34ms)
		EndReloadAssembly (742ms)
			LoadAssemblies (99ms)
			RebuildTransferFunctionScriptingTraits (0ms)
			SetupTypeCache (227ms)
			ReleaseScriptCaches (2ms)
			RebuildScriptCaches (38ms)
			SetupLoadedEditorAssemblies (335ms)
				LogAssemblyErrors (0ms)
				InitializePlatformSupportModulesInManaged (15ms)
				SetLoadedEditorAssemblies (1ms)
				RefreshPlugins (1ms)
				BeforeProcessingInitializeOnLoad (80ms)
				ProcessInitializeOnLoadAttributes (193ms)
				ProcessInitializeOnLoadMethodAttributes (28ms)
				AfterProcessingInitializeOnLoad (17ms)
				EditorAssembliesLoaded (0ms)
			ExecutionOrderSort2 (0ms)
			AwakeInstancesAfterBackupRestoration (7ms)
Platform modules already initialized, skipping
Refreshing native plugins compatible for Editor in 5.88 ms, found 3 plugins.
Preloading 0 native plugins for Editor in 0.00 ms.
Unloading 3405 Unused Serialized files (Serialized files now loaded: 0)
Unloading 20 unused Assets / (80.3 KB). Loaded Objects now: 3932.
Memory consumption went from 142.7 MB to 142.7 MB.
Total: 4.385300 ms (FindLiveObjects: 0.906900 ms CreateObjectMapping: 0.095300 ms MarkObjects: 3.226400 ms  DeleteObjects: 0.154400 ms)

AssetImportParameters requested are different than current active one (requested -> active):
  custom:video-decoder-ogg-theora: a1e56fd34408186e4bbccfd4996cb3dc -> 
  custom:container-muxer-webm: aa71ff27fc2769a1b78a27578f13a17b -> 
  custom:container-demuxer-webm: 4f35f7cbe854078d1ac9338744f61a02 -> 
  custom:video-encoder-webm-vp8: eb34c28f22e8b96e1ab97ce403110664 -> 
  custom:audio-encoder-webm-vorbis: bf7c407c2cedff20999df2af8eb42d56 -> 
  custom:framework-win-MediaFoundation: 216162199b28c13a410421893ffa2e32 -> 
  custom:container-demuxer-ogg: 62fdf1f143b41e24485cea50d1cbac27 -> 
  custom:video-decoder-webm-vp8: 9c59270c3fd7afecdb556c50c9e8de78 -> 
  custom:audio-decoder-ogg-vorbis: bf7c407c2cedff20999df2af8eb42d56 -> 
========================================================================
Received Import Request.
  Time since last request: 102.867684 seconds.
  path: Assets/Animation
  artifactKey: Guid(996eab5b9a375e447a24a5360a99c05c) Importer(815301076,1909f56bfc062723c751e8b465ee728b)
Start importing Assets/Animation using Guid(996eab5b9a375e447a24a5360a99c05c) Importer(815301076,1909f56bfc062723c751e8b465ee728b)  -> (artifact id: '73b60a2f940425593f73bb27412c97cc') in 0.012996 seconds 
========================================================================
Received Prepare
Registering precompiled user dll's ...
Registered in 0.007784 seconds.
Begin MonoManager ReloadAssembly
Symbol file LoadedFromMemory doesn't match image C:\Users\koo63\OneDrive\문서\GitHub\SGP-2023-1\20230424_fieldGame\Library\PackageCache\com.unity.visualscripting@1.7.8\Editor\VisualScripting.Core\Dependencies\YamlDotNet\Unity.VisualScripting.YamlDotNet.dll
Symbol file LoadedFromMemory doesn't match image C:\Users\koo63\OneDrive\문서\GitHub\SGP-2023-1\20230424_fieldGame\Library\PackageCache\com.unity.visualscripting@1.7.8\Editor\VisualScripting.Core\Dependencies\DotNetZip\Unity.VisualScripting.IonicZip.dll
Native extension for WindowsStandalone target not found
Refreshing native plugins compatible for Editor in 1.21 ms, found 3 plugins.
Preloading 0 native plugins for Editor in 0.00 ms.
Mono: successfully reloaded assembly
- Completed reload, in  0.974 seconds
Domain Reload Profiling:
	ReloadAssembly (975ms)
		BeginReloadAssembly (133ms)
			ExecutionOrderSort (0ms)
			DisableScriptedObjects (4ms)
			BackupInstance (0ms)
			ReleaseScriptingObjects (0ms)
			CreateAndSetChildDomain (32ms)
		EndReloadAssembly (743ms)
			LoadAssemblies (102ms)
			RebuildTransferFunctionScriptingTraits (0ms)
			SetupTypeCache (232ms)
			ReleaseScriptCaches (2ms)
			RebuildScriptCaches (40ms)
			SetupLoadedEditorAssemblies (334ms)
				LogAssemblyErrors (0ms)
				InitializePlatformSupportModulesInManaged (16ms)
				SetLoadedEditorAssemblies (1ms)
				RefreshPlugins (1ms)
				BeforeProcessingInitializeOnLoad (81ms)
				ProcessInitializeOnLoadAttributes (194ms)
				ProcessInitializeOnLoadMethodAttributes (27ms)
				AfterProcessingInitializeOnLoad (14ms)
				EditorAssembliesLoaded (0ms)
			ExecutionOrderSort2 (0ms)
			AwakeInstancesAfterBackupRestoration (7ms)
Platform modules already initialized, skipping
Refreshing native plugins compatible for Editor in 5.67 ms, found 3 plugins.
Preloading 0 native plugins for Editor in 0.00 ms.
Unloading 3405 Unused Serialized files (Serialized files now loaded: 0)
Unloading 20 unused Assets / (80.6 KB). Loaded Objects now: 3935.
Memory consumption went from 142.8 MB to 142.7 MB.
Total: 4.105200 ms (FindLiveObjects: 0.319800 ms CreateObjectMapping: 0.233200 ms MarkObjects: 3.431200 ms  DeleteObjects: 0.119500 ms)

AssetImportParameters requested are different than current active one (requested -> active):
  custom:video-decoder-ogg-theora: a1e56fd34408186e4bbccfd4996cb3dc -> 
  custom:container-muxer-webm: aa71ff27fc2769a1b78a27578f13a17b -> 
  custom:container-demuxer-webm: 4f35f7cbe854078d1ac9338744f61a02 -> 
  custom:video-encoder-webm-vp8: eb34c28f22e8b96e1ab97ce403110664 -> 
  custom:audio-encoder-webm-vorbis: bf7c407c2cedff20999df2af8eb42d56 -> 
  custom:framework-win-MediaFoundation: 216162199b28c13a410421893ffa2e32 -> 
  custom:container-demuxer-ogg: 62fdf1f143b41e24485cea50d1cbac27 -> 
  custom:video-decoder-webm-vp8: 9c59270c3fd7afecdb556c50c9e8de78 -> 
  custom:audio-decoder-ogg-vorbis: bf7c407c2cedff20999df2af8eb42d56 -> 
========================================================================
Received Prepare
Registering precompiled user dll's ...
Registered in 0.008710 seconds.
Begin MonoManager ReloadAssembly
Symbol file LoadedFromMemory doesn't match image C:\Users\koo63\OneDrive\문서\GitHub\SGP-2023-1\20230424_fieldGame\Library\PackageCache\com.unity.visualscripting@1.7.8\Editor\VisualScripting.Core\Dependencies\YamlDotNet\Unity.VisualScripting.YamlDotNet.dll
Symbol file LoadedFromMemory doesn't match image C:\Users\koo63\OneDrive\문서\GitHub\SGP-2023-1\20230424_fieldGame\Library\PackageCache\com.unity.visualscripting@1.7.8\Editor\VisualScripting.Core\Dependencies\DotNetZip\Unity.VisualScripting.IonicZip.dll
Native extension for WindowsStandalone target not found
Refreshing native plugins compatible for Editor in 1.08 ms, found 3 plugins.
Preloading 0 native plugins for Editor in 0.00 ms.
Mono: successfully reloaded assembly
- Completed reload, in  0.958 seconds
Domain Reload Profiling:
	ReloadAssembly (958ms)
		BeginReloadAssembly (140ms)
			ExecutionOrderSort (0ms)
			DisableScriptedObjects (5ms)
			BackupInstance (0ms)
			ReleaseScriptingObjects (0ms)
			CreateAndSetChildDomain (33ms)
		EndReloadAssembly (718ms)
			LoadAssemblies (105ms)
			RebuildTransferFunctionScriptingTraits (0ms)
			SetupTypeCache (209ms)
			ReleaseScriptCaches (1ms)
			RebuildScriptCaches (32ms)
			SetupLoadedEditorAssemblies (342ms)
				LogAssemblyErrors (0ms)
				InitializePlatformSupportModulesInManaged (14ms)
				SetLoadedEditorAssemblies (0ms)
				RefreshPlugins (1ms)
				BeforeProcessingInitializeOnLoad (79ms)
				ProcessInitializeOnLoadAttributes (203ms)
				ProcessInitializeOnLoadMethodAttributes (29ms)
				AfterProcessingInitializeOnLoad (16ms)
				EditorAssembliesLoaded (0ms)
			ExecutionOrderSort2 (0ms)
			AwakeInstancesAfterBackupRestoration (7ms)
Platform modules already initialized, skipping
Refreshing native plugins compatible for Editor in 6.81 ms, found 3 plugins.
Preloading 0 native plugins for Editor in 0.00 ms.
Unloading 3405 Unused Serialized files (Serialized files now loaded: 0)
Unloading 20 unused Assets / (80.4 KB). Loaded Objects now: 3938.
Memory consumption went from 142.8 MB to 142.7 MB.
Total: 4.997500 ms (FindLiveObjects: 0.270700 ms CreateObjectMapping: 0.090400 ms MarkObjects: 4.511800 ms  DeleteObjects: 0.123300 ms)

AssetImportParameters requested are different than current active one (requested -> active):
  custom:video-decoder-ogg-theora: a1e56fd34408186e4bbccfd4996cb3dc -> 
  custom:container-muxer-webm: aa71ff27fc2769a1b78a27578f13a17b -> 
  custom:container-demuxer-webm: 4f35f7cbe854078d1ac9338744f61a02 -> 
  custom:video-encoder-webm-vp8: eb34c28f22e8b96e1ab97ce403110664 -> 
  custom:audio-encoder-webm-vorbis: bf7c407c2cedff20999df2af8eb42d56 -> 
  custom:framework-win-MediaFoundation: 216162199b28c13a410421893ffa2e32 -> 
  custom:container-demuxer-ogg: 62fdf1f143b41e24485cea50d1cbac27 -> 
  custom:video-decoder-webm-vp8: 9c59270c3fd7afecdb556c50c9e8de78 -> 
  custom:audio-decoder-ogg-vorbis: bf7c407c2cedff20999df2af8eb42d56 -> 
